2020-11-24 15:33:55,261 WARNING <default> 11/24/20 15:33:55.260 - no trade for DOGE...
2020-11-24 15:33:55,434 WARNING <default> 11/24/20 15:33:55.434 - no trade for BTC...
2020-11-24 15:33:57,609 WARNING <default> 11/24/20 15:33:57.609 - no trade for DOGE...
2020-11-24 15:33:57,957 WARNING <default> 11/24/20 15:33:57.957 - ! trying to sell 0.006900 x BTC but don't own any
2020-11-24 15:34:00,303 WARNING <default> 11/24/20 15:34:00.303 - ! trying to sell 34500.000000 x DOGE but don't own any
2020-11-24 15:34:00,634 WARNING <default> 11/24/20 15:34:00.634 - ! trying to sell 0.006900 x BTC but don't own any
2020-11-24 15:34:02,831 WARNING <default> 11/24/20 15:34:02.831 - no trade for DOGE...
2020-11-24 15:34:03,181 WARNING <default> 11/24/20 15:34:03.181 - ! trying to sell 0.006900 x BTC but don't own any
2020-11-24 15:34:05,350 WARNING <default> 11/24/20 15:34:05.350 - no trade for DOGE...
2020-11-24 15:34:05,723 WARNING <default> 11/24/20 15:34:05.723 - [BOUGHT] BTC x 0.006000 @ $19132.995000 for $114.797970
2020-11-24 15:34:08,071 WARNING <default> 11/24/20 15:34:08.071 - ! trying to sell 34500.000000 x DOGE but don't own any
2020-11-24 15:34:08,422 WARNING <default> 11/24/20 15:34:08.422 - [BOUGHT] BTC x 0.006000 @ $19124.820997 for $114.748926
2020-11-24 15:34:10,769 WARNING <default> 11/24/20 15:34:10.769 - [BOUGHT] DOGE x 30000.000000 @ $0.004083 for $122.490000
2020-11-24 15:34:11,119 WARNING <default> 11/24/20 15:34:11.119 - [BOUGHT] BTC x 0.006000 @ $19122.708962 for $114.736254
2020-11-24 15:34:15,057 WARNING no trade for DOGE...
2020-11-24 15:34:15,226 WARNING no trade for BTC...
2020-11-24 15:34:17,409 WARNING no trade for DOGE...
2020-11-24 15:34:17,760 WARNING ! trying to sell 0.006900 x BTC but don't own any
2020-11-24 15:34:19,936 WARNING no trade for DOGE...
2020-11-24 15:34:20,297 WARNING [BOUGHT] BTC x 0.006000 @ $19119.709078 for $114.718254
2020-11-24 15:34:22,759 WARNING ! trying to sell 34500.000000 x DOGE but don't own any
2020-11-24 15:34:23,105 WARNING [SOLD] 0.006000 x BTC @ $19124.454325 for $114.746726
2020-11-24 15:34:25,468 WARNING [BOUGHT] DOGE x 30000.000000 @ $0.004084 for $122.520000
2020-11-24 15:34:25,822 WARNING [BOUGHT] BTC x 0.006000 @ $19121.580888 for $114.729485
2020-11-24 15:34:27,996 WARNING no trade for DOGE...
2020-11-24 15:34:28,339 WARNING [SOLD] 0.006000 x BTC @ $19124.162375 for $114.744974
2020-11-24 15:34:30,690 WARNING [SOLD] 30000.000000 x DOGE @ $0.004086 for $122.580000
2020-11-24 15:34:31,044 WARNING [BOUGHT] BTC x 0.006000 @ $19120.648975 for $114.723894
2020-11-24 15:34:33,393 WARNING [BOUGHT] DOGE x 30000.000000 @ $0.004086 for $122.580000
2020-11-24 15:34:33,751 WARNING [SOLD] 0.006000 x BTC @ $19121.876085 for $114.731257
2020-11-24 15:34:36,102 WARNING [SOLD] 30000.000000 x DOGE @ $0.004086 for $122.580000
2020-11-24 15:34:36,448 WARNING [BOUGHT] BTC x 0.006000 @ $19119.067724 for $114.714406
2020-11-24 15:34:38,645 WARNING no trade for DOGE...
2020-11-24 15:34:39,000 WARNING [SOLD] 0.006000 x BTC @ $19119.851718 for $114.719110
2020-11-24 15:34:41,176 WARNING no trade for DOGE...
2020-11-24 15:34:41,555 WARNING ! trying to sell 0.006900 x BTC but don't own any
2020-11-24 15:34:43,916 WARNING ! trying to sell 34500.000000 x DOGE but don't own any
2020-11-24 15:34:44,252 WARNING ! trying to sell 0.006900 x BTC but don't own any
2020-11-24 15:34:46,606 WARNING [BOUGHT] DOGE x 30000.000000 @ $0.004079 for $122.370000
2020-11-24 15:34:46,961 WARNING ! trying to sell 0.006900 x BTC but don't own any
2020-11-24 15:34:49,312 WARNING [BOUGHT] DOGE x 30000.000000 @ $0.004080 for $122.400000
2020-11-24 15:34:49,667 WARNING ! trying to sell 0.006900 x BTC but don't own any
2020-11-24 15:34:53,763 no trade for DOGE...
2020-11-24 15:34:54,357 no trade for BTC...
2020-11-24 15:34:57,187 ! trying to sell 34500.000000 x DOGE but don't own any
2020-11-24 15:34:57,759 ! trying to sell 0.006900 x BTC but don't own any
2020-11-24 15:35:00,120 [BOUGHT] DOGE x 30000.000000 @ $0.004077 for $122.310000
2020-11-24 15:35:00,461 ! trying to sell 0.006900 x BTC but don't own any
2020-11-24 15:35:02,977 [SOLD] 30000.000000 x DOGE @ $0.004078 for $122.340000
2020-11-24 15:35:03,315 ! trying to sell 0.006900 x BTC but don't own any
2020-11-24 15:35:05,691 ! trying to sell 34500.000000 x DOGE but don't own any
2020-11-24 15:35:06,033 ! trying to sell 0.006900 x BTC but don't own any
2020-11-24 15:35:08,206 no trade for DOGE...
2020-11-24 15:35:08,547 ! trying to sell 0.006900 x BTC but don't own any
2020-11-24 15:35:10,921 ! trying to sell 34500.000000 x DOGE but don't own any
2020-11-24 15:35:11,258 ! trying to sell 0.006900 x BTC but don't own any
2020-11-24 15:35:13,618 [BOUGHT] DOGE x 30000.000000 @ $0.004079 for $122.370000
2020-11-24 15:35:13,980 [BOUGHT] BTC x 0.006000 @ $19143.580000 for $114.861480
2020-11-24 15:36:01,361 no trade for DOGE...
2020-11-24 15:36:01,533 no trade for BTC...
2020-11-24 15:36:03,883 [BOUGHT] DOGE x 30000.000000 @ $0.004067 for $122.010000
2020-11-24 15:36:04,230 [BOUGHT] BTC x 0.006000 @ $19139.439847 for $114.836639
2020-11-24 15:36:06,607 [BOUGHT] DOGE x 30000.000000 @ $0.004066 for $121.980000
2020-11-24 15:36:06,960 [SOLD] 0.006000 x BTC @ $19146.100000 for $114.876600
2020-11-24 15:36:09,308 [BOUGHT] DOGE x 30000.000000 @ $0.004064 for $121.920000
2020-11-24 15:36:09,653 ! trying to sell 0.006900 x BTC but don't own any
2020-11-24 15:36:12,019 [BOUGHT] DOGE x 30000.000000 @ $0.004060 for $121.800000
2020-11-24 15:36:12,367 [BOUGHT] BTC x 0.006000 @ $19144.759136 for $114.868555
2020-11-24 15:36:14,552 no trade for DOGE...
2020-11-24 15:36:14,909 [BOUGHT] BTC x 0.006000 @ $19138.415344 for $114.830492
2020-11-24 15:36:17,260 [BOUGHT] DOGE x 30000.000000 @ $0.004060 for $121.800000
2020-11-24 15:36:17,612 [SOLD] 0.006900 x BTC @ $19140.901052 for $132.072217
2020-11-24 15:36:21,635 START
2020-11-24 15:36:22,423 no trade for DOGE...
2020-11-24 15:36:22,591 no trade for BTC...
2020-11-24 15:36:24,764 no trade for DOGE...
2020-11-24 15:36:25,105 ! trying to sell 0.006900 x BTC but don't own any
2020-11-24 15:36:25,468 STOP
